<?xml version="1.0" encoding="UTF-8"?>
<!-- Generated by org.testng.reporters.JUnitXMLReporter -->
<testsuite ignored="0" hostname="DESKTOP-T7QCDAB" failures="1" tests="1" name="Test" time="13.187" errors="0" timestamp="2022-12-05T09:55:03 IST">
  <testcase classname="com.ebay.testcases.HomePageTest" name="empdetails" time="0.026">
    <failure type="java.lang.AssertionError" message="HomePage Open successfully!! expected [1Electronics, Cars, Fashion, Collectibles &amp;amp; More | eBay] but found [Electronics, Cars, Fashion, Collectibles &amp;amp; More | eBay]">
      <![CDATA[java.lang.AssertionError: HomePage Open successfully!! expected [1Electronics, Cars, Fashion, Collectibles & More | eBay] but found [Electronics, Cars, Fashion, Collectibles & More | eBay]
at com.ebay.pageObjects.HomePage.searchServices(HomePage.java:53)
at com.ebay.testcases.HomePageTest.empdetails(HomePageTest.java:41)
at java.base/java.util.ArrayList.forEach(ArrayList.java:1511)
... Removed 32 stack frames]]>
    </failure>
  </testcase> <!-- empdetails -->
</testsuite> <!-- Test -->
